<?xml version="1.0" encoding="UTF-8"?>
<testsuite xmlns:xsi="http://www.w3.org/2001/XMLSchema-instance" xsi:noNamespaceSchemaLocation="https://maven.apache.org/surefire/maven-surefire-plugin/xsd/surefire-test-report-3.0.xsd" version="3.0" name="dev.drawethree.xprison.utils.misc.NumberUtilsTest" time="0.029" tests="4" errors="0" skipped="0" failures="0">
  <properties>
    <property name="java.specification.version" value="21"/>
    <property name="sun.cpu.isalist" value="amd64"/>
    <property name="sun.jnu.encoding" value="Cp1252"/>
    <property name="java.class.path" value="C:\Minecraft\X-Prison-Reloaded\target\test-classes;C:\Minecraft\X-Prison-Reloaded\target\classes;C:\Users\paulm\.m2\repository\org\spigotmc\spigot-api\1.21.5-R0.1-SNAPSHOT\spigot-api-1.21.5-R0.1-SNAPSHOT.jar;C:\Users\paulm\.m2\repository\com\google\guava\guava\33.3.1-jre\guava-33.3.1-jre.jar;C:\Users\paulm\.m2\repository\com\google\guava\failureaccess\1.0.2\failureaccess-1.0.2.jar;C:\Users\paulm\.m2\repository\com\google\guava\listenablefuture\9999.0-empty-to-avoid-conflict-with-guava\listenablefuture-9999.0-empty-to-avoid-conflict-with-guava.jar;C:\Users\paulm\.m2\repository\org\checkerframework\checker-qual\3.43.0\checker-qual-3.43.0.jar;C:\Users\paulm\.m2\repository\com\google\errorprone\error_prone_annotations\2.28.0\error_prone_annotations-2.28.0.jar;C:\Users\paulm\.m2\repository\com\google\j2objc\j2objc-annotations\3.0.0\j2objc-annotations-3.0.0.jar;C:\Users\paulm\.m2\repository\com\google\code\gson\gson\2.11.0\gson-2.11.0.jar;C:\Users\paulm\.m2\repository\org\joml\joml\1.10.8\joml-1.10.8.jar;C:\Users\paulm\.m2\repository\net\md-5\bungeecord-chat\1.21-R0.2\bungeecord-chat-1.21-R0.2.jar;C:\Users\paulm\.m2\repository\org\yaml\snakeyaml\2.2\snakeyaml-2.2.jar;C:\Users\paulm\.m2\repository\com\mojang\authlib\1.5.26\authlib-1.5.26.jar;C:\Users\paulm\.m2\repository\com\google\code\findbugs\jsr305\2.0.1\jsr305-2.0.1.jar;C:\Users\paulm\.m2\repository\commons-codec\commons-codec\1.10\commons-codec-1.10.jar;C:\Users\paulm\.m2\repository\commons-io\commons-io\2.4\commons-io-2.4.jar;C:\Users\paulm\.m2\repository\org\apache\logging\log4j\log4j-api\2.0-beta9\log4j-api-2.0-beta9.jar;C:\Users\paulm\.m2\repository\org\apache\logging\log4j\log4j-core\2.0-beta9\log4j-core-2.0-beta9.jar;C:\Users\paulm\.m2\repository\org\apache\commons\commons-lang3\3.17.0\commons-lang3-3.17.0.jar;C:\Minecraft\X-Prison-Reloaded\libs\plugins\MineResetLite.jar;C:\Minecraft\X-Prison-Reloaded\libs\plugins\MVdWPlaceholderAPI.jar;C:\Users\paulm\.m2\repository\com\saicone\rtag\rtag\1.3.2\rtag-1.3.2.jar;C:\Users\paulm\.m2\repository\com\saicone\rtag\rtag-item\1.3.2\rtag-item-1.3.2.jar;C:\Users\paulm\.m2\repository\com\github\cryptomorin\XSeries\9.7.0\XSeries-9.7.0.jar;C:\Users\paulm\.m2\repository\org\codemc\worldguardwrapper\worldguardwrapper\1.2.1-SNAPSHOT\worldguardwrapper-1.2.1-SNAPSHOT.jar;C:\Users\paulm\.m2\repository\me\clip\placeholderapi\2.11.6\placeholderapi-2.11.6.jar;C:\Users\paulm\.m2\repository\org\jetbrains\annotations\23.0.0\annotations-23.0.0.jar;C:\Users\paulm\.m2\repository\org\bstats\bstats-bukkit\3.0.1\bstats-bukkit-3.0.1.jar;C:\Users\paulm\.m2\repository\org\bstats\bstats-base\3.0.1\bstats-base-3.0.1.jar;C:\Users\paulm\.m2\repository\net\kyori\adventure-platform-bukkit\4.3.2\adventure-platform-bukkit-4.3.2.jar;C:\Users\paulm\.m2\repository\net\kyori\adventure-platform-api\4.3.2\adventure-platform-api-4.3.2.jar;C:\Users\paulm\.m2\repository\net\kyori\adventure-api\4.13.1\adventure-api-4.13.1.jar;C:\Users\paulm\.m2\repository\net\kyori\adventure-key\4.13.1\adventure-key-4.13.1.jar;C:\Users\paulm\.m2\repository\net\kyori\adventure-text-serializer-bungeecord\4.3.2\adventure-text-serializer-bungeecord-4.3.2.jar;C:\Users\paulm\.m2\repository\net\kyori\adventure-text-serializer-legacy\4.13.1\adventure-text-serializer-legacy-4.13.1.jar;C:\Users\paulm\.m2\repository\net\kyori\adventure-nbt\4.13.1\adventure-nbt-4.13.1.jar;C:\Users\paulm\.m2\repository\net\kyori\examination-api\1.3.0\examination-api-1.3.0.jar;C:\Users\paulm\.m2\repository\net\kyori\examination-string\1.3.0\examination-string-1.3.0.jar;C:\Users\paulm\.m2\repository\net\kyori\adventure-text-serializer-gson\4.13.1\adventure-text-serializer-gson-4.13.1.jar;C:\Users\paulm\.m2\repository\net\kyori\adventure-text-serializer-gson-legacy-impl\4.13.1\adventure-text-serializer-gson-legacy-impl-4.13.1.jar;C:\Users\paulm\.m2\repository\net\kyori\adventure-platform-facet\4.3.2\adventure-platform-facet-4.3.2.jar;C:\Users\paulm\.m2\repository\net\kyori\adventure-platform-viaversion\4.3.2\adventure-platform-viaversion-4.3.2.jar;C:\Users\paulm\.m2\repository\com\zaxxer\HikariCP\5.0.1\HikariCP-5.0.1.jar;C:\Users\paulm\.m2\repository\org\slf4j\slf4j-api\2.0.0-alpha1\slf4j-api-2.0.0-alpha1.jar;C:\Users\paulm\.m2\repository\com\github\MilkBowl\VaultAPI\1.7.1\VaultAPI-1.7.1.jar;C:\Users\paulm\.m2\repository\net\luckperms\api\5.4\api-5.4.jar;C:\Users\paulm\.m2\repository\com\github\Drawethree\UltraBackpacksAPI\v1.2.1\UltraBackpacksAPI-v1.2.1.jar;C:\Users\paulm\.m2\repository\me\lucko\helper\5.6.14\helper-5.6.14.jar;C:\Users\paulm\.m2\repository\me\lucko\shadow-bukkit\1.20.1\shadow-bukkit-1.20.1.jar;C:\Users\paulm\.m2\repository\me\lucko\shadow\1.3\shadow-1.3.jar;C:\Users\paulm\.m2\repository\com\flowpowered\flow-math\1.0.3\flow-math-1.0.3.jar;C:\Users\paulm\.m2\repository\net\jodah\expiringmap\0.5.9\expiringmap-0.5.9.jar;C:\Users\paulm\.m2\repository\net\kyori\event-api\3.0.0\event-api-3.0.0.jar;C:\Users\paulm\.m2\repository\net\objecthunter\exp4j\0.4.8\exp4j-0.4.8.jar;C:\Users\paulm\.m2\repository\com\github\lalyos\jfiglet\0.0.9\jfiglet-0.0.9.jar;C:\Users\paulm\.m2\repository\org\junit\jupiter\junit-jupiter-api\5.13.0-M3\junit-jupiter-api-5.13.0-M3.jar;C:\Users\paulm\.m2\repository\org\opentest4j\opentest4j\1.3.0\opentest4j-1.3.0.jar;C:\Users\paulm\.m2\repository\org\junit\platform\junit-platform-commons\1.13.0-M3\junit-platform-commons-1.13.0-M3.jar;C:\Users\paulm\.m2\repository\org\apiguardian\apiguardian-api\1.1.2\apiguardian-api-1.1.2.jar;C:\Users\paulm\.m2\repository\org\mockito\mockito-core\5.2.0\mockito-core-5.2.0.jar;C:\Users\paulm\.m2\repository\net\bytebuddy\byte-buddy\1.14.1\byte-buddy-1.14.1.jar;C:\Users\paulm\.m2\repository\net\bytebuddy\byte-buddy-agent\1.14.1\byte-buddy-agent-1.14.1.jar;C:\Users\paulm\.m2\repository\org\objenesis\objenesis\3.3\objenesis-3.3.jar;C:\Users\paulm\.m2\repository\org\mockito\mockito-inline\5.2.0\mockito-inline-5.2.0.jar;C:\Users\paulm\.m2\repository\org\projectlombok\lombok\1.18.38\lombok-1.18.38.jar;"/>
    <property name="java.vm.vendor" value="Microsoft"/>
    <property name="sun.arch.data.model" value="64"/>
    <property name="user.variant" value=""/>
    <property name="java.vendor.url" value="https://www.microsoft.com"/>
    <property name="user.timezone" value="America/New_York"/>
    <property name="os.name" value="Windows 11"/>
    <property name="java.vm.specification.version" value="21"/>
    <property name="sun.java.launcher" value="SUN_STANDARD"/>
    <property name="user.country" value="US"/>
    <property name="sun.boot.library.path" value="C:\Users\paulm\.jdks\ms-21.0.6\bin"/>
    <property name="sun.java.command" value="C:\Users\paulm\AppData\Local\Temp\surefire7717020166918086897\surefirebooter-20250509114121123_3.jar C:\Users\paulm\AppData\Local\Temp\surefire7717020166918086897 2025-05-09T11-41-20_869-jvmRun1 surefire-20250509114121123_1tmp surefire_0-20250509114121123_2tmp"/>
    <property name="jdk.debug" value="release"/>
    <property name="surefire.test.class.path" value="C:\Minecraft\X-Prison-Reloaded\target\test-classes;C:\Minecraft\X-Prison-Reloaded\target\classes;C:\Users\paulm\.m2\repository\org\spigotmc\spigot-api\1.21.5-R0.1-SNAPSHOT\spigot-api-1.21.5-R0.1-SNAPSHOT.jar;C:\Users\paulm\.m2\repository\com\google\guava\guava\33.3.1-jre\guava-33.3.1-jre.jar;C:\Users\paulm\.m2\repository\com\google\guava\failureaccess\1.0.2\failureaccess-1.0.2.jar;C:\Users\paulm\.m2\repository\com\google\guava\listenablefuture\9999.0-empty-to-avoid-conflict-with-guava\listenablefuture-9999.0-empty-to-avoid-conflict-with-guava.jar;C:\Users\paulm\.m2\repository\org\checkerframework\checker-qual\3.43.0\checker-qual-3.43.0.jar;C:\Users\paulm\.m2\repository\com\google\errorprone\error_prone_annotations\2.28.0\error_prone_annotations-2.28.0.jar;C:\Users\paulm\.m2\repository\com\google\j2objc\j2objc-annotations\3.0.0\j2objc-annotations-3.0.0.jar;C:\Users\paulm\.m2\repository\com\google\code\gson\gson\2.11.0\gson-2.11.0.jar;C:\Users\paulm\.m2\repository\org\joml\joml\1.10.8\joml-1.10.8.jar;C:\Users\paulm\.m2\repository\net\md-5\bungeecord-chat\1.21-R0.2\bungeecord-chat-1.21-R0.2.jar;C:\Users\paulm\.m2\repository\org\yaml\snakeyaml\2.2\snakeyaml-2.2.jar;C:\Users\paulm\.m2\repository\com\mojang\authlib\1.5.26\authlib-1.5.26.jar;C:\Users\paulm\.m2\repository\com\google\code\findbugs\jsr305\2.0.1\jsr305-2.0.1.jar;C:\Users\paulm\.m2\repository\commons-codec\commons-codec\1.10\commons-codec-1.10.jar;C:\Users\paulm\.m2\repository\commons-io\commons-io\2.4\commons-io-2.4.jar;C:\Users\paulm\.m2\repository\org\apache\logging\log4j\log4j-api\2.0-beta9\log4j-api-2.0-beta9.jar;C:\Users\paulm\.m2\repository\org\apache\logging\log4j\log4j-core\2.0-beta9\log4j-core-2.0-beta9.jar;C:\Users\paulm\.m2\repository\org\apache\commons\commons-lang3\3.17.0\commons-lang3-3.17.0.jar;C:\Minecraft\X-Prison-Reloaded\libs\plugins\MineResetLite.jar;C:\Minecraft\X-Prison-Reloaded\libs\plugins\MVdWPlaceholderAPI.jar;C:\Users\paulm\.m2\repository\com\saicone\rtag\rtag\1.3.2\rtag-1.3.2.jar;C:\Users\paulm\.m2\repository\com\saicone\rtag\rtag-item\1.3.2\rtag-item-1.3.2.jar;C:\Users\paulm\.m2\repository\com\github\cryptomorin\XSeries\9.7.0\XSeries-9.7.0.jar;C:\Users\paulm\.m2\repository\org\codemc\worldguardwrapper\worldguardwrapper\1.2.1-SNAPSHOT\worldguardwrapper-1.2.1-SNAPSHOT.jar;C:\Users\paulm\.m2\repository\me\clip\placeholderapi\2.11.6\placeholderapi-2.11.6.jar;C:\Users\paulm\.m2\repository\org\jetbrains\annotations\23.0.0\annotations-23.0.0.jar;C:\Users\paulm\.m2\repository\org\bstats\bstats-bukkit\3.0.1\bstats-bukkit-3.0.1.jar;C:\Users\paulm\.m2\repository\org\bstats\bstats-base\3.0.1\bstats-base-3.0.1.jar;C:\Users\paulm\.m2\repository\net\kyori\adventure-platform-bukkit\4.3.2\adventure-platform-bukkit-4.3.2.jar;C:\Users\paulm\.m2\repository\net\kyori\adventure-platform-api\4.3.2\adventure-platform-api-4.3.2.jar;C:\Users\paulm\.m2\repository\net\kyori\adventure-api\4.13.1\adventure-api-4.13.1.jar;C:\Users\paulm\.m2\repository\net\kyori\adventure-key\4.13.1\adventure-key-4.13.1.jar;C:\Users\paulm\.m2\repository\net\kyori\adventure-text-serializer-bungeecord\4.3.2\adventure-text-serializer-bungeecord-4.3.2.jar;C:\Users\paulm\.m2\repository\net\kyori\adventure-text-serializer-legacy\4.13.1\adventure-text-serializer-legacy-4.13.1.jar;C:\Users\paulm\.m2\repository\net\kyori\adventure-nbt\4.13.1\adventure-nbt-4.13.1.jar;C:\Users\paulm\.m2\repository\net\kyori\examination-api\1.3.0\examination-api-1.3.0.jar;C:\Users\paulm\.m2\repository\net\kyori\examination-string\1.3.0\examination-string-1.3.0.jar;C:\Users\paulm\.m2\repository\net\kyori\adventure-text-serializer-gson\4.13.1\adventure-text-serializer-gson-4.13.1.jar;C:\Users\paulm\.m2\repository\net\kyori\adventure-text-serializer-gson-legacy-impl\4.13.1\adventure-text-serializer-gson-legacy-impl-4.13.1.jar;C:\Users\paulm\.m2\repository\net\kyori\adventure-platform-facet\4.3.2\adventure-platform-facet-4.3.2.jar;C:\Users\paulm\.m2\repository\net\kyori\adventure-platform-viaversion\4.3.2\adventure-platform-viaversion-4.3.2.jar;C:\Users\paulm\.m2\repository\com\zaxxer\HikariCP\5.0.1\HikariCP-5.0.1.jar;C:\Users\paulm\.m2\repository\org\slf4j\slf4j-api\2.0.0-alpha1\slf4j-api-2.0.0-alpha1.jar;C:\Users\paulm\.m2\repository\com\github\MilkBowl\VaultAPI\1.7.1\VaultAPI-1.7.1.jar;C:\Users\paulm\.m2\repository\net\luckperms\api\5.4\api-5.4.jar;C:\Users\paulm\.m2\repository\com\github\Drawethree\UltraBackpacksAPI\v1.2.1\UltraBackpacksAPI-v1.2.1.jar;C:\Users\paulm\.m2\repository\me\lucko\helper\5.6.14\helper-5.6.14.jar;C:\Users\paulm\.m2\repository\me\lucko\shadow-bukkit\1.20.1\shadow-bukkit-1.20.1.jar;C:\Users\paulm\.m2\repository\me\lucko\shadow\1.3\shadow-1.3.jar;C:\Users\paulm\.m2\repository\com\flowpowered\flow-math\1.0.3\flow-math-1.0.3.jar;C:\Users\paulm\.m2\repository\net\jodah\expiringmap\0.5.9\expiringmap-0.5.9.jar;C:\Users\paulm\.m2\repository\net\kyori\event-api\3.0.0\event-api-3.0.0.jar;C:\Users\paulm\.m2\repository\net\objecthunter\exp4j\0.4.8\exp4j-0.4.8.jar;C:\Users\paulm\.m2\repository\com\github\lalyos\jfiglet\0.0.9\jfiglet-0.0.9.jar;C:\Users\paulm\.m2\repository\org\junit\jupiter\junit-jupiter-api\5.13.0-M3\junit-jupiter-api-5.13.0-M3.jar;C:\Users\paulm\.m2\repository\org\opentest4j\opentest4j\1.3.0\opentest4j-1.3.0.jar;C:\Users\paulm\.m2\repository\org\junit\platform\junit-platform-commons\1.13.0-M3\junit-platform-commons-1.13.0-M3.jar;C:\Users\paulm\.m2\repository\org\apiguardian\apiguardian-api\1.1.2\apiguardian-api-1.1.2.jar;C:\Users\paulm\.m2\repository\org\mockito\mockito-core\5.2.0\mockito-core-5.2.0.jar;C:\Users\paulm\.m2\repository\net\bytebuddy\byte-buddy\1.14.1\byte-buddy-1.14.1.jar;C:\Users\paulm\.m2\repository\net\bytebuddy\byte-buddy-agent\1.14.1\byte-buddy-agent-1.14.1.jar;C:\Users\paulm\.m2\repository\org\objenesis\objenesis\3.3\objenesis-3.3.jar;C:\Users\paulm\.m2\repository\org\mockito\mockito-inline\5.2.0\mockito-inline-5.2.0.jar;C:\Users\paulm\.m2\repository\org\projectlombok\lombok\1.18.38\lombok-1.18.38.jar;"/>
    <property name="sun.cpu.endian" value="little"/>
    <property name="user.home" value="C:\Users\paulm"/>
    <property name="user.language" value="en"/>
    <property name="java.specification.vendor" value="Oracle Corporation"/>
    <property name="java.version.date" value="2025-01-21"/>
    <property name="java.home" value="C:\Users\paulm\.jdks\ms-21.0.6"/>
    <property name="file.separator" value="\"/>
    <property name="basedir" value="C:\Minecraft\X-Prison-Reloaded"/>
    <property name="java.vm.compressedOopsMode" value="32-bit"/>
    <property name="line.separator" value="&#10;"/>
    <property name="java.vm.specification.vendor" value="Oracle Corporation"/>
    <property name="java.specification.name" value="Java Platform API Specification"/>
    <property name="surefire.real.class.path" value="C:\Users\paulm\AppData\Local\Temp\surefire7717020166918086897\surefirebooter-20250509114121123_3.jar"/>
    <property name="user.script" value=""/>
    <property name="sun.management.compiler" value="HotSpot 64-Bit Tiered Compilers"/>
    <property name="java.runtime.version" value="21.0.6+7-LTS"/>
    <property name="user.name" value="paulm"/>
    <property name="stdout.encoding" value="Cp1252"/>
    <property name="path.separator" value=";"/>
    <property name="os.version" value="10.0"/>
    <property name="java.runtime.name" value="OpenJDK Runtime Environment"/>
    <property name="file.encoding" value="UTF-8"/>
    <property name="java.vm.name" value="OpenJDK 64-Bit Server VM"/>
    <property name="java.vendor.version" value="Microsoft-10800203"/>
    <property name="localRepository" value="C:\Users\paulm\.m2\repository"/>
    <property name="java.vendor.url.bug" value="https://github.com/microsoft/openjdk/issues"/>
    <property name="java.io.tmpdir" value="C:\Users\paulm\AppData\Local\Temp\"/>
    <property name="idea.version" value="2025.1"/>
    <property name="java.version" value="21.0.6"/>
    <property name="user.dir" value="C:\Minecraft\X-Prison-Reloaded"/>
    <property name="os.arch" value="amd64"/>
    <property name="java.vm.specification.name" value="Java Virtual Machine Specification"/>
    <property name="sun.os.patch.level" value=""/>
    <property name="native.encoding" value="Cp1252"/>
    <property name="java.library.path" value="C:\Users\paulm\.jdks\ms-21.0.6\bin;C:\WINDOWS\Sun\Java\bin;C:\WINDOWS\system32;C:\WINDOWS;C:\Program Files\Eclipse Adoptium\jdk-21.0.7.6-hotspot\bin;C:\Program Files (x86)\Common Files\Oracle\Java\java8path;C:\Program Files (x86)\Common Files\Oracle\Java\javapath;C:\WINDOWS\system32;C:\WINDOWS;C:\WINDOWS\System32\Wbem;C:\WINDOWS\System32\WindowsPowerShell\v1.0\;C:\WINDOWS\System32\OpenSSH\;C:\Program Files\dotnet\;C:\Program Files\WireGuard\;C:\Program Files (x86)\QuickTime\QTSystem\;C:\Program Files\PuTTY\;C:\Program Files (x86)\cloudflared\;C:\Program Files\Netbird;C:\Program Files\Cloudflare\Cloudflare WARP\;C:\Program Files\WorldPainter;C:\Program Files\Git\cmd;C:\Program Files\git-cola\bin;C:\Users\paulm\AppData\Local\Microsoft\WindowsApps;C:\Users\paulm\AppData\Local\Programs\Microsoft VS Code\bin;C:\Users\paulm\.dotnet\tools;C:\Program Files\JetBrains\IntelliJ IDEA 2025.1\bin;C:\Program Files\JetBrains\IntelliJ IDEA Community Edition 2025.1\bin;."/>
    <property name="java.vm.info" value="mixed mode, sharing"/>
    <property name="stderr.encoding" value="Cp1252"/>
    <property name="java.vendor" value="Microsoft"/>
    <property name="java.vm.version" value="21.0.6+7-LTS"/>
    <property name="sun.io.unicode.encoding" value="UnicodeLittle"/>
    <property name="java.class.version" value="65.0"/>
  </properties>
  <testcase name="test_greater2" classname="dev.drawethree.xprison.utils.misc.NumberUtilsTest" time="0.008"/>
  <testcase name="test_greater" classname="dev.drawethree.xprison.utils.misc.NumberUtilsTest" time="0.003"/>
  <testcase name="test_lower1" classname="dev.drawethree.xprison.utils.misc.NumberUtilsTest" time="0.003"/>
  <testcase name="test_lower2" classname="dev.drawethree.xprison.utils.misc.NumberUtilsTest" time="0.002"/>
</testsuite>